<?xml version="1.0" encoding="UTF-8"?>
<testsuite name="marvel.HelloControllerIT" tests="1" skipped="0" failures="0" errors="0" timestamp="2018-11-01T21:51:16" hostname="f0189825e6e1" time="0.161">
  <properties/>
  <testcase name="getHello" classname="marvel.HelloControllerIT" time="0.161"/>
  <system-out><![CDATA[2018-11-01 16:51:15.228  INFO 60957 --- [    Test worker] .b.t.c.SpringBootTestContextBootstrapper : Neither @ContextConfiguration nor @ContextHierarchy found for test class [marvel.HelloControllerIT], using SpringBootContextLoader
2018-11-01 16:51:15.228  INFO 60957 --- [    Test worker] o.s.t.c.support.AbstractContextLoader    : Could not detect default resource locations for test class [marvel.HelloControllerIT]: no resource found for suffixes {-context.xml, Context.groovy}.
2018-11-01 16:51:15.228  INFO 60957 --- [    Test worker] t.c.s.AnnotationConfigContextLoaderUtils : Could not detect default configuration classes for test class [marvel.HelloControllerIT]: HelloControllerIT does not declare any static, non-private, non-final, nested classes annotated with @Configuration.
2018-11-01 16:51:15.229  INFO 60957 --- [    Test worker] .b.t.c.SpringBootTestContextBootstrapper : Found @SpringBootConfiguration marvel.Application for test class marvel.HelloControllerIT
2018-11-01 16:51:15.230  INFO 60957 --- [    Test worker] .b.t.c.SpringBootTestContextBootstrapper : Loaded default TestExecutionListener class names from location [META-INF/spring.factories]: [org.springframework.boot.test.autoconfigure.restdocs.RestDocsTestExecutionListener, org.springframework.boot.test.autoconfigure.web.client.MockRestServiceServerResetTestExecutionListener, org.springframework.boot.test.autoconfigure.web.servlet.MockMvcPrintOnlyOnFailureTestExecutionListener, org.springframework.boot.test.autoconfigure.web.servlet.WebDriverTestExecutionListener, org.springframework.boot.test.mock.mockito.MockitoTestExecutionListener, org.springframework.boot.test.mock.mockito.ResetMocksTestExecutionListener, org.springframework.test.context.web.ServletTestExecutionListener, org.springframework.test.context.support.DirtiesContextBeforeModesTestExecutionListener, org.springframework.test.context.support.DependencyInjectionTestExecutionListener, org.springframework.test.context.support.DirtiesContextTestExecutionListener, org.springframework.test.context.transaction.TransactionalTestExecutionListener, org.springframework.test.context.jdbc.SqlScriptsTestExecutionListener]
2018-11-01 16:51:15.231  INFO 60957 --- [    Test worker] .b.t.c.SpringBootTestContextBootstrapper : Using TestExecutionListeners: [org.springframework.test.context.web.ServletTestExecutionListener@6e442003, org.springframework.test.context.support.DirtiesContextBeforeModesTestExecutionListener@1f58621a, org.springframework.boot.test.mock.mockito.MockitoTestExecutionListener@26e07212, org.springframework.boot.test.autoconfigure.SpringBootDependencyInjectionTestExecutionListener@4fdd0e9f, org.springframework.test.context.support.DirtiesContextTestExecutionListener@567b5f, org.springframework.boot.test.autoconfigure.restdocs.RestDocsTestExecutionListener@5c4291fd, org.springframework.boot.test.autoconfigure.web.client.MockRestServiceServerResetTestExecutionListener@79971885, org.springframework.boot.test.autoconfigure.web.servlet.MockMvcPrintOnlyOnFailureTestExecutionListener@5e9948de, org.springframework.boot.test.autoconfigure.web.servlet.WebDriverTestExecutionListener@6d265cd1, org.springframework.boot.test.mock.mockito.ResetMocksTestExecutionListener@2523f5f1]

  .   ____          _            __ _ _
 /\\ / ___'_ __ _ _(_)_ __  __ _ \ \ \ \
( ( )\___ | '_ | '_| | '_ \/ _` | \ \ \ \
 \\/  ___)| |_)| | | | | || (_| |  ) ) ) )
  '  |____| .__|_| |_|_| |_\__, | / / / /
 =========|_|==============|___/=/_/_/_/
 :: Spring Boot ::        (v2.0.5.RELEASE)

2018-11-01 16:51:15.251  INFO 60957 --- [    Test worker] marvel.HelloControllerIT                 : Starting HelloControllerIT on f0189825e6e1 with PID 60957 (started by z003kr3 in /Users/z003kr3/my-projects/pivotal/gs-spring-boot/complete)
2018-11-01 16:51:15.251  INFO 60957 --- [    Test worker] marvel.HelloControllerIT                 : No active profile set, falling back to default profiles: default
2018-11-01 16:51:15.253  INFO 60957 --- [    Test worker] ConfigServletWebServerApplicationContext : Refreshing org.springframework.boot.web.servlet.context.AnnotationConfigServletWebServerApplicationContext@1093cd0e: startup date [Thu Nov 01 16:51:15 CDT 2018]; root of context hierarchy
2018-11-01 16:51:15.669  INFO 60957 --- [    Test worker] o.s.b.w.embedded.tomcat.TomcatWebServer  : Tomcat initialized with port(s): 0 (http)
2018-11-01 16:51:15.706  INFO 60957 --- [    Test worker] o.apache.catalina.core.StandardService   : Starting service [Tomcat]
2018-11-01 16:51:15.707  INFO 60957 --- [    Test worker] org.apache.catalina.core.StandardEngine  : Starting Servlet Engine: Apache Tomcat/8.5.34
2018-11-01 16:51:15.718  INFO 60957 --- [ost-startStop-1] o.a.catalina.core.AprLifecycleListener   : The APR based Apache Tomcat Native library which allows optimal performance in production environments was not found on the java.library.path: [/Users/z003kr3/Library/Java/Extensions:/Library/Java/Extensions:/Network/Library/Java/Extensions:/System/Library/Java/Extensions:/usr/lib/java:.]
2018-11-01 16:51:15.820  INFO 60957 --- [ost-startStop-1] o.a.c.c.C.[Tomcat].[localhost].[/]       : Initializing Spring embedded WebApplicationContext
2018-11-01 16:51:15.820  INFO 60957 --- [ost-startStop-1] o.s.web.context.ContextLoader            : Root WebApplicationContext: initialization completed in 567 ms
2018-11-01 16:51:16.239  INFO 60957 --- [ost-startStop-1] o.s.b.w.servlet.FilterRegistrationBean   : Mapping filter: 'characterEncodingFilter' to: [/*]
2018-11-01 16:51:16.240  INFO 60957 --- [ost-startStop-1] o.s.b.w.servlet.FilterRegistrationBean   : Mapping filter: 'webMvcMetricsFilter' to: [/*]
2018-11-01 16:51:16.240  INFO 60957 --- [ost-startStop-1] o.s.b.w.servlet.FilterRegistrationBean   : Mapping filter: 'hiddenHttpMethodFilter' to: [/*]
2018-11-01 16:51:16.240  INFO 60957 --- [ost-startStop-1] o.s.b.w.servlet.FilterRegistrationBean   : Mapping filter: 'httpPutFormContentFilter' to: [/*]
2018-11-01 16:51:16.241  INFO 60957 --- [ost-startStop-1] o.s.b.w.servlet.FilterRegistrationBean   : Mapping filter: 'requestContextFilter' to: [/*]
2018-11-01 16:51:16.241  INFO 60957 --- [ost-startStop-1] o.s.b.w.servlet.FilterRegistrationBean   : Mapping filter: 'httpTraceFilter' to: [/*]
2018-11-01 16:51:16.241  INFO 60957 --- [ost-startStop-1] o.s.b.w.servlet.ServletRegistrationBean  : Servlet dispatcherServlet mapped to [/]
2018-11-01 16:51:16.330  INFO 60957 --- [    Test worker] o.s.w.s.handler.SimpleUrlHandlerMapping  : Mapped URL path [/**/favicon.ico] onto handler of type [class org.springframework.web.servlet.resource.ResourceHttpRequestHandler]
2018-11-01 16:51:16.398  INFO 60957 --- [    Test worker] s.w.s.m.m.a.RequestMappingHandlerAdapter : Looking for @ControllerAdvice: org.springframework.boot.web.servlet.context.AnnotationConfigServletWebServerApplicationContext@1093cd0e: startup date [Thu Nov 01 16:51:15 CDT 2018]; root of context hierarchy
2018-11-01 16:51:16.409  INFO 60957 --- [    Test worker] s.w.s.m.m.a.RequestMappingHandlerMapping : Mapped "{[/]}" onto public java.lang.String marvel.controller.HelloController.index()
2018-11-01 16:51:16.410  INFO 60957 --- [    Test worker] s.w.s.m.m.a.RequestMappingHandlerMapping : Mapped "{[/marvel]}" onto public marvel.marvelobjects.Hero marvel.controller.HelloController.getHero()
2018-11-01 16:51:16.412  INFO 60957 --- [    Test worker] s.w.s.m.m.a.RequestMappingHandlerMapping : Mapped "{[/error]}" onto public org.springframework.http.ResponseEntity<java.util.Map<java.lang.String, java.lang.Object>> org.springframework.boot.autoconfigure.web.servlet.error.BasicErrorController.error(javax.servlet.http.HttpServletRequest)
2018-11-01 16:51:16.412  INFO 60957 --- [    Test worker] s.w.s.m.m.a.RequestMappingHandlerMapping : Mapped "{[/error],produces=[text/html]}" onto public org.springframework.web.servlet.ModelAndView org.springframework.boot.autoconfigure.web.servlet.error.BasicErrorController.errorHtml(javax.servlet.http.HttpServletRequest,javax.servlet.http.HttpServletResponse)
2018-11-01 16:51:16.428  INFO 60957 --- [    Test worker] o.s.w.s.handler.SimpleUrlHandlerMapping  : Mapped URL path [/webjars/**] onto handler of type [class org.springframework.web.servlet.resource.ResourceHttpRequestHandler]
2018-11-01 16:51:16.428  INFO 60957 --- [    Test worker] o.s.w.s.handler.SimpleUrlHandlerMapping  : Mapped URL path [/**] onto handler of type [class org.springframework.web.servlet.resource.ResourceHttpRequestHandler]
2018-11-01 16:51:16.542  INFO 60957 --- [    Test worker] o.s.b.a.e.web.EndpointLinksResolver      : Exposing 2 endpoint(s) beneath base path '/actuator'
2018-11-01 16:51:16.549  INFO 60957 --- [    Test worker] s.b.a.e.w.s.WebMvcEndpointHandlerMapping : Mapped "{[/actuator/health],methods=[GET],produces=[application/vnd.spring-boot.actuator.v2+json || application/json]}" onto public java.lang.Object org.springframework.boot.actuate.endpoint.web.servlet.AbstractWebMvcEndpointHandlerMapping$OperationHandler.handle(javax.servlet.http.HttpServletRequest,java.util.Map<java.lang.String, java.lang.String>)
2018-11-01 16:51:16.549  INFO 60957 --- [    Test worker] s.b.a.e.w.s.WebMvcEndpointHandlerMapping : Mapped "{[/actuator/info],methods=[GET],produces=[application/vnd.spring-boot.actuator.v2+json || application/json]}" onto public java.lang.Object org.springframework.boot.actuate.endpoint.web.servlet.AbstractWebMvcEndpointHandlerMapping$OperationHandler.handle(javax.servlet.http.HttpServletRequest,java.util.Map<java.lang.String, java.lang.String>)
2018-11-01 16:51:16.550  INFO 60957 --- [    Test worker] s.b.a.e.w.s.WebMvcEndpointHandlerMapping : Mapped "{[/actuator],methods=[GET],produces=[application/vnd.spring-boot.actuator.v2+json || application/json]}" onto protected java.util.Map<java.lang.String, java.util.Map<java.lang.String, org.springframework.boot.actuate.endpoint.web.Link>> org.springframework.boot.actuate.endpoint.web.servlet.WebMvcEndpointHandlerMapping.links(javax.servlet.http.HttpServletRequest,javax.servlet.http.HttpServletResponse)
2018-11-01 16:51:16.612  INFO 60957 --- [    Test worker] o.s.b.w.embedded.tomcat.TomcatWebServer  : Tomcat started on port(s): 52130 (http) with context path ''
2018-11-01 16:51:16.614  INFO 60957 --- [    Test worker] marvel.HelloControllerIT                 : Started HelloControllerIT in 1.381 seconds (JVM running for 4.881)
Let's inspect the beans provided by Spring Boot:
2018-11-01 16:51:16.706  INFO 60957 --- [o-auto-1-exec-1] o.a.c.c.C.[Tomcat].[localhost].[/]       : Initializing Spring FrameworkServlet 'dispatcherServlet'
2018-11-01 16:51:16.707  INFO 60957 --- [o-auto-1-exec-1] o.s.web.servlet.DispatcherServlet        : FrameworkServlet 'dispatcherServlet': initialization started
2018-11-01 16:51:16.724  INFO 60957 --- [o-auto-1-exec-1] o.s.web.servlet.DispatcherServlet        : FrameworkServlet 'dispatcherServlet': initialization completed in 17 ms
]]></system-out>
  <system-err><![CDATA[]]></system-err>
</testsuite>
