<?xml version="1.0" encoding="UTF-8"?>
<testsuite name="marvel.HelloControllerTest" tests="1" skipped="0" failures="0" errors="0" timestamp="2018-11-01T21:51:17" hostname="f0189825e6e1" time="0.027">
  <properties/>
  <testcase name="getHello" classname="marvel.HelloControllerTest" time="0.027"/>
  <system-out><![CDATA[2018-11-01 16:51:16.784  INFO 60957 --- [    Test worker] .b.t.c.SpringBootTestContextBootstrapper : Neither @ContextConfiguration nor @ContextHierarchy found for test class [marvel.HelloControllerTest], using SpringBootContextLoader
2018-11-01 16:51:16.785  INFO 60957 --- [    Test worker] o.s.t.c.support.AbstractContextLoader    : Could not detect default resource locations for test class [marvel.HelloControllerTest]: no resource found for suffixes {-context.xml, Context.groovy}.
2018-11-01 16:51:16.785  INFO 60957 --- [    Test worker] t.c.s.AnnotationConfigContextLoaderUtils : Could not detect default configuration classes for test class [marvel.HelloControllerTest]: HelloControllerTest does not declare any static, non-private, non-final, nested classes annotated with @Configuration.
2018-11-01 16:51:16.794  INFO 60957 --- [    Test worker] .b.t.c.SpringBootTestContextBootstrapper : Found @SpringBootConfiguration marvel.Application for test class marvel.HelloControllerTest
2018-11-01 16:51:16.796  INFO 60957 --- [    Test worker] .b.t.c.SpringBootTestContextBootstrapper : Loaded default TestExecutionListener class names from location [META-INF/spring.factories]: [org.springframework.boot.test.autoconfigure.restdocs.RestDocsTestExecutionListener, org.springframework.boot.test.autoconfigure.web.client.MockRestServiceServerResetTestExecutionListener, org.springframework.boot.test.autoconfigure.web.servlet.MockMvcPrintOnlyOnFailureTestExecutionListener, org.springframework.boot.test.autoconfigure.web.servlet.WebDriverTestExecutionListener, org.springframework.boot.test.mock.mockito.MockitoTestExecutionListener, org.springframework.boot.test.mock.mockito.ResetMocksTestExecutionListener, org.springframework.test.context.web.ServletTestExecutionListener, org.springframework.test.context.support.DirtiesContextBeforeModesTestExecutionListener, org.springframework.test.context.support.DependencyInjectionTestExecutionListener, org.springframework.test.context.support.DirtiesContextTestExecutionListener, org.springframework.test.context.transaction.TransactionalTestExecutionListener, org.springframework.test.context.jdbc.SqlScriptsTestExecutionListener]
2018-11-01 16:51:16.797  INFO 60957 --- [    Test worker] .b.t.c.SpringBootTestContextBootstrapper : Using TestExecutionListeners: [org.springframework.test.context.web.ServletTestExecutionListener@4cd96896, org.springframework.test.context.support.DirtiesContextBeforeModesTestExecutionListener@7f93998e, org.springframework.boot.test.mock.mockito.MockitoTestExecutionListener@95fbc94, org.springframework.boot.test.autoconfigure.SpringBootDependencyInjectionTestExecutionListener@4eb496b7, org.springframework.test.context.support.DirtiesContextTestExecutionListener@492eca2f, org.springframework.boot.test.autoconfigure.restdocs.RestDocsTestExecutionListener@2a92656d, org.springframework.boot.test.autoconfigure.web.client.MockRestServiceServerResetTestExecutionListener@5e5dc7b7, org.springframework.boot.test.autoconfigure.web.servlet.MockMvcPrintOnlyOnFailureTestExecutionListener@3436e3e5, org.springframework.boot.test.autoconfigure.web.servlet.WebDriverTestExecutionListener@bf628fe, org.springframework.boot.test.mock.mockito.ResetMocksTestExecutionListener@32f68de0]

  .   ____          _            __ _ _
 /\\ / ___'_ __ _ _(_)_ __  __ _ \ \ \ \
( ( )\___ | '_ | '_| | '_ \/ _` | \ \ \ \
 \\/  ___)| |_)| | | | | || (_| |  ) ) ) )
  '  |____| .__|_| |_|_| |_\__, | / / / /
 =========|_|==============|___/=/_/_/_/
 :: Spring Boot ::        (v2.0.5.RELEASE)

2018-11-01 16:51:16.818  INFO 60957 --- [    Test worker] marvel.HelloControllerTest               : Starting HelloControllerTest on f0189825e6e1 with PID 60957 (started by z003kr3 in /Users/z003kr3/my-projects/pivotal/gs-spring-boot/complete)
2018-11-01 16:51:16.819  INFO 60957 --- [    Test worker] marvel.HelloControllerTest               : No active profile set, falling back to default profiles: default
2018-11-01 16:51:16.820  INFO 60957 --- [    Test worker] o.s.w.c.s.GenericWebApplicationContext   : Refreshing org.springframework.web.context.support.GenericWebApplicationContext@7e961624: startup date [Thu Nov 01 16:51:16 CDT 2018]; root of context hierarchy
2018-11-01 16:51:17.154  INFO 60957 --- [    Test worker] o.s.w.s.handler.SimpleUrlHandlerMapping  : Mapped URL path [/**/favicon.ico] onto handler of type [class org.springframework.web.servlet.resource.ResourceHttpRequestHandler]
2018-11-01 16:51:17.232  INFO 60957 --- [    Test worker] s.w.s.m.m.a.RequestMappingHandlerAdapter : Looking for @ControllerAdvice: org.springframework.web.context.support.GenericWebApplicationContext@7e961624: startup date [Thu Nov 01 16:51:16 CDT 2018]; root of context hierarchy
2018-11-01 16:51:17.243  INFO 60957 --- [    Test worker] s.w.s.m.m.a.RequestMappingHandlerMapping : Mapped "{[/]}" onto public java.lang.String marvel.controller.HelloController.index()
2018-11-01 16:51:17.244  INFO 60957 --- [    Test worker] s.w.s.m.m.a.RequestMappingHandlerMapping : Mapped "{[/marvel]}" onto public marvel.marvelobjects.Hero marvel.controller.HelloController.getHero()
2018-11-01 16:51:17.246  INFO 60957 --- [    Test worker] s.w.s.m.m.a.RequestMappingHandlerMapping : Mapped "{[/error]}" onto public org.springframework.http.ResponseEntity<java.util.Map<java.lang.String, java.lang.Object>> org.springframework.boot.autoconfigure.web.servlet.error.BasicErrorController.error(javax.servlet.http.HttpServletRequest)
2018-11-01 16:51:17.246  INFO 60957 --- [    Test worker] s.w.s.m.m.a.RequestMappingHandlerMapping : Mapped "{[/error],produces=[text/html]}" onto public org.springframework.web.servlet.ModelAndView org.springframework.boot.autoconfigure.web.servlet.error.BasicErrorController.errorHtml(javax.servlet.http.HttpServletRequest,javax.servlet.http.HttpServletResponse)
2018-11-01 16:51:17.262  INFO 60957 --- [    Test worker] o.s.w.s.handler.SimpleUrlHandlerMapping  : Mapped URL path [/webjars/**] onto handler of type [class org.springframework.web.servlet.resource.ResourceHttpRequestHandler]
2018-11-01 16:51:17.262  INFO 60957 --- [    Test worker] o.s.w.s.handler.SimpleUrlHandlerMapping  : Mapped URL path [/**] onto handler of type [class org.springframework.web.servlet.resource.ResourceHttpRequestHandler]
2018-11-01 16:51:17.591  INFO 60957 --- [    Test worker] o.s.b.t.m.w.SpringBootMockServletContext : Initializing Spring FrameworkServlet ''
2018-11-01 16:51:17.591  INFO 60957 --- [    Test worker] o.s.t.web.servlet.TestDispatcherServlet  : FrameworkServlet '': initialization started
2018-11-01 16:51:17.600  INFO 60957 --- [    Test worker] o.s.b.a.e.web.EndpointLinksResolver      : Exposing 2 endpoint(s) beneath base path '/actuator'
2018-11-01 16:51:17.607  INFO 60957 --- [    Test worker] s.b.a.e.w.s.WebMvcEndpointHandlerMapping : Mapped "{[/actuator/health],methods=[GET],produces=[application/vnd.spring-boot.actuator.v2+json || application/json]}" onto public java.lang.Object org.springframework.boot.actuate.endpoint.web.servlet.AbstractWebMvcEndpointHandlerMapping$OperationHandler.handle(javax.servlet.http.HttpServletRequest,java.util.Map<java.lang.String, java.lang.String>)
2018-11-01 16:51:17.608  INFO 60957 --- [    Test worker] s.b.a.e.w.s.WebMvcEndpointHandlerMapping : Mapped "{[/actuator/info],methods=[GET],produces=[application/vnd.spring-boot.actuator.v2+json || application/json]}" onto public java.lang.Object org.springframework.boot.actuate.endpoint.web.servlet.AbstractWebMvcEndpointHandlerMapping$OperationHandler.handle(javax.servlet.http.HttpServletRequest,java.util.Map<java.lang.String, java.lang.String>)
2018-11-01 16:51:17.608  INFO 60957 --- [    Test worker] s.b.a.e.w.s.WebMvcEndpointHandlerMapping : Mapped "{[/actuator],methods=[GET],produces=[application/vnd.spring-boot.actuator.v2+json || application/json]}" onto protected java.util.Map<java.lang.String, java.util.Map<java.lang.String, org.springframework.boot.actuate.endpoint.web.Link>> org.springframework.boot.actuate.endpoint.web.servlet.WebMvcEndpointHandlerMapping.links(javax.servlet.http.HttpServletRequest,javax.servlet.http.HttpServletResponse)
2018-11-01 16:51:17.619  INFO 60957 --- [    Test worker] o.s.t.web.servlet.TestDispatcherServlet  : FrameworkServlet '': initialization completed in 28 ms
2018-11-01 16:51:17.649  INFO 60957 --- [    Test worker] marvel.HelloControllerTest               : Started HelloControllerTest in 0.85 seconds (JVM running for 5.916)
Let's inspect the beans provided by Spring Boot:
]]></system-out>
  <system-err><![CDATA[]]></system-err>
</testsuite>
